\BOOKMARK [0][-]{chapter.1}{\376\377\137\025\212\000}{}% 1
\BOOKMARK [1][-]{section.1.1}{\376\377\220\011\230\230\200\314\146\157\123\312\141\017\116\111}{chapter.1}% 2
\BOOKMARK [1][-]{section.1.2}{\376\377\126\375\121\205\131\026\170\024\172\166\123\206\123\362\123\312\163\260\162\266}{chapter.1}% 3
\BOOKMARK [1][-]{section.1.3}{\376\377\147\054\145\207\116\073\211\201\121\205\133\271}{chapter.1}% 4
\BOOKMARK [0][-]{chapter.2}{\376\377\117\123\171\357\201\352\225\001\225\356\230\230}{}% 5
\BOOKMARK [1][-]{section.2.1}{\376\377\117\123\171\357\116\015\123\357\123\213\147\120\145\231}{chapter.2}% 6
\BOOKMARK [1][-]{section.2.2}{\376\377\121\115\117\123\171\357\201\352\225\001\145\271\150\110}{chapter.2}% 7
\BOOKMARK [2][-]{subsection.2.2.1}{\376\377\177\132\121\375\145\160\154\325\116\016\177\051\121\317\171\357\122\006\145\271\150\110}{section.2.2}% 8
\BOOKMARK [2][-]{subsection.2.2.2}{\376\377\142\311\150\074\147\027\145\345\116\130\133\120\154\325\116\016\155\367\124\010\171\273\145\143\145\271\150\110}{section.2.2}% 9
\BOOKMARK [2][-]{subsection.2.2.3}{\376\377\177\132\121\375\145\160\154\325\124\214\142\311\150\074\147\027\145\345\116\130\133\120\154\325\145\271\154\325\166\204\173\111\116\367\140\047}{section.2.2}% 10
\BOOKMARK [1][-]{section.2.3}{\376\377\121\115\117\123\171\357\201\352\225\001\147\141\116\366}{chapter.2}% 11
\BOOKMARK [2][-]{subsection.2.3.1}{\376\377\117\123\171\357\176\246\147\137\153\324}{section.2.3}% 12
\BOOKMARK [2][-]{subsection.2.3.2}{\376\377\000L\000B\000B\172\063\133\232\140\047\147\141\116\366}{section.2.3}% 13
\BOOKMARK [1][-]{section.2.4}{\376\377\134\017\176\323}{chapter.2}% 14
\BOOKMARK [0][-]{chapter.3}{\376\377\147\000\117\030\117\123\171\357\176\246\147\137\153\324}{}% 15
\BOOKMARK [1][-]{section.3.1}{\376\377\000L\000B\000B\172\063\133\232\174\373\145\160\117\060\213\241}{chapter.3}% 16
\BOOKMARK [2][-]{subsection.3.1.1}{\376\377\000L\000B\000B\172\063\133\232\140\047\147\141\116\366\116\016\162\171\137\201\120\074\225\356\230\230}{section.3.1}% 17
\BOOKMARK [2][-]{subsection.3.1.2}{\376\377\162\171\137\201\120\074\225\356\230\230\116\016\117\123\171\357\176\246\147\137\153\324}{section.3.1}% 18
\BOOKMARK [1][-]{section.3.2}{\376\377\131\032\230\171\137\017\176\246\147\137\145\160\221\317}{chapter.3}% 19
\BOOKMARK [1][-]{section.3.3}{\376\377\174\373\145\160\117\060\213\241\232\214\213\301}{chapter.3}% 20
\BOOKMARK [1][-]{section.3.4}{\376\377\134\017\176\323}{chapter.3}% 21
\BOOKMARK [0][-]{chapter.4}{\376\377\147\011\226\120\121\103\145\340\177\121\150\074\155\367\124\010\171\273\145\143\145\271\150\110}{}% 22
\BOOKMARK [1][-]{section.4.1}{\376\377\121\215\165\037\150\070\217\321\117\074}{chapter.4}% 23
\BOOKMARK [1][-]{section.4.2}{\376\377\147\011\226\120\121\103\145\340\177\121\150\074\155\367\124\010\171\273\145\143}{chapter.4}% 24
\BOOKMARK [1][-]{section.4.3}{\376\377\145\160\120\074\173\227\117\213}{chapter.4}% 25
\BOOKMARK [2][-]{subsection.4.3.1}{\376\377\140\254\201\302\150\201\225\356\230\230}{section.4.3}% 26
\BOOKMARK [2][-]{subsection.4.3.2}{\376\377\136\046\133\124\145\271\147\177\225\356\230\230}{section.4.3}% 27
\BOOKMARK [2][-]{subsection.4.3.3}{\376\377\000C\000o\000o\000k\000\040\000m\000e\000m\000b\000r\000a\000n\000e\000\040\225\356\230\230}{section.4.3}% 28
\BOOKMARK [2][-]{subsection.4.3.4}{\376\377\145\271\127\127\123\327\123\213\225\356\230\230}{section.4.3}% 29
\BOOKMARK [1][-]{section.4.4}{\376\377\134\017\176\323}{chapter.4}% 30
\BOOKMARK [0][-]{chapter.5}{\376\377\122\152\122\007\201\352\225\001\225\356\230\230}{}% 31
\BOOKMARK [1][-]{section.5.1}{\376\377\116\055\123\232\147\177\225\356\230\230}{chapter.5}% 32
\BOOKMARK [1][-]{section.5.2}{\376\377\116\055\123\232\147\177\225\356\230\230\155\367\124\010\171\273\145\143\145\271\150\110}{chapter.5}% 33
\BOOKMARK [1][-]{section.5.3}{\376\377\147\000\117\030\122\152\122\007\176\246\147\137\153\324}{chapter.5}% 34
